<?xml version="1.0" encoding="UTF-8"?>
<!-- Generated by org.testng.reporters.JUnitReportReporter -->
<testsuite hostname="DESKTOP-VEKGV87" failures="0" tests="1" name="testpkg.Projecttest" time="39.535" errors="0" timestamp="2024-04-27T14:15:59 IST" skipped="0">
  <testcase classname="testpkg.Projecttest" name="loginvalid" time="39.535"/>
</testsuite> <!-- testpkg.Projecttest -->
